mode: atomic
server-management-service/internal/modules/identity/repository/impl/auth_session_repository_impl.go:18.77,20.2 1 0
server-management-service/internal/modules/identity/repository/impl/auth_session_repository_impl.go:22.94,24.2 1 0
server-management-service/internal/modules/identity/repository/impl/auth_session_repository_impl.go:26.110,31.16 3 0
server-management-service/internal/modules/identity/repository/impl/auth_session_repository_impl.go:31.16,33.3 1 0
server-management-service/internal/modules/identity/repository/impl/auth_session_repository_impl.go:34.2,34.22 1 0
server-management-service/internal/modules/identity/repository/impl/auth_session_repository_impl.go:37.115,43.2 3 0
server-management-service/internal/modules/identity/repository/impl/auth_session_repository_impl.go:45.83,50.2 1 0
server-management-service/internal/modules/identity/repository/impl/auth_session_repository_impl.go:52.89,57.2 1 0
server-management-service/internal/modules/identity/repository/impl/refresh_token_repository_impl.go:18.79,20.2 1 0
server-management-service/internal/modules/identity/repository/impl/refresh_token_repository_impl.go:22.94,24.2 1 0
server-management-service/internal/modules/identity/repository/impl/refresh_token_repository_impl.go:26.117,29.16 3 0
server-management-service/internal/modules/identity/repository/impl/refresh_token_repository_impl.go:29.16,31.3 1 0
server-management-service/internal/modules/identity/repository/impl/refresh_token_repository_impl.go:32.2,32.20 1 0
server-management-service/internal/modules/identity/repository/impl/refresh_token_repository_impl.go:35.84,40.2 1 0
server-management-service/internal/modules/identity/repository/impl/refresh_token_repository_impl.go:42.98,47.2 1 0
server-management-service/internal/modules/identity/repository/impl/refresh_token_repository_impl.go:49.87,54.2 1 0
server-management-service/internal/modules/identity/repository/impl/refresh_token_repository_impl.go:56.119,64.2 1 0
server-management-service/internal/modules/identity/repository/impl/revocation_store_redis.go:17.96,19.2 1 0
server-management-service/internal/modules/identity/repository/impl/revocation_store_redis.go:21.113,23.14 2 0
server-management-service/internal/modules/identity/repository/impl/revocation_store_redis.go:23.14,25.3 1 0
server-management-service/internal/modules/identity/repository/impl/revocation_store_redis.go:27.2,28.53 2 0
server-management-service/internal/modules/identity/repository/impl/user_repository_impl.go:17.63,19.2 1 0
server-management-service/internal/modules/identity/repository/impl/user_repository_impl.go:21.99,23.91 2 0
server-management-service/internal/modules/identity/repository/impl/user_repository_impl.go:23.91,24.45 1 0
server-management-service/internal/modules/identity/repository/impl/user_repository_impl.go:24.45,26.4 1 0
server-management-service/internal/modules/identity/repository/impl/user_repository_impl.go:27.3,27.18 1 0
server-management-service/internal/modules/identity/repository/impl/user_repository_impl.go:29.2,29.19 1 0
server-management-service/internal/modules/identity/repository/impl/user_repository_impl.go:32.91,34.85 2 0
server-management-service/internal/modules/identity/repository/impl/user_repository_impl.go:34.85,35.45 1 0
server-management-service/internal/modules/identity/repository/impl/user_repository_impl.go:35.45,37.4 1 0
server-management-service/internal/modules/identity/repository/impl/user_repository_impl.go:38.3,38.18 1 0
server-management-service/internal/modules/identity/repository/impl/user_repository_impl.go:40.2,40.19 1 0
server-management-service/internal/modules/identity/handler/grpcserver/auth_server.go:25.65,27.2 1 0
server-management-service/internal/modules/identity/handler/grpcserver/auth_server.go:29.46,30.40 1 0
server-management-service/internal/modules/identity/handler/grpcserver/auth_server.go:30.40,32.3 1 0
server-management-service/internal/modules/identity/handler/grpcserver/auth_server.go:33.2,33.11 1 0
server-management-service/internal/modules/identity/handler/grpcserver/auth_server.go:36.47,38.8 2 0
server-management-service/internal/modules/identity/handler/grpcserver/auth_server.go:38.8,39.66 1 0
server-management-service/internal/modules/identity/handler/grpcserver/auth_server.go:39.66,41.4 1 0
server-management-service/internal/modules/identity/handler/grpcserver/auth_server.go:42.3,42.54 1 0
server-management-service/internal/modules/identity/handler/grpcserver/auth_server.go:42.54,44.4 1 0
server-management-service/internal/modules/identity/handler/grpcserver/auth_server.go:46.2,46.11 1 0
server-management-service/internal/modules/identity/handler/grpcserver/auth_server.go:49.106,50.62 1 0
server-management-service/internal/modules/identity/handler/grpcserver/auth_server.go:50.62,52.3 1 0
server-management-service/internal/modules/identity/handler/grpcserver/auth_server.go:54.2,58.16 4 0
server-management-service/internal/modules/identity/handler/grpcserver/auth_server.go:58.16,59.52 1 0
server-management-service/internal/modules/identity/handler/grpcserver/auth_server.go:59.52,61.4 1 0
server-management-service/internal/modules/identity/handler/grpcserver/auth_server.go:62.3,62.62 1 0
server-management-service/internal/modules/identity/handler/grpcserver/auth_server.go:65.2,67.16 3 0
server-management-service/internal/modules/identity/handler/grpcserver/auth_server.go:67.16,73.3 1 0
server-management-service/internal/modules/identity/handler/grpcserver/auth_server.go:75.2,79.8 1 0
server-management-service/internal/modules/identity/handler/grpcserver/auth_server.go:82.109,84.57 2 0
server-management-service/internal/modules/identity/handler/grpcserver/auth_server.go:84.57,86.3 1 0
server-management-service/internal/modules/identity/handler/grpcserver/auth_server.go:88.2,96.8 2 0
server-management-service/internal/modules/identity/handler/grpcserver/auth_server.go:99.117,100.42 1 0
server-management-service/internal/modules/identity/handler/grpcserver/auth_server.go:100.42,102.3 1 0
server-management-service/internal/modules/identity/handler/grpcserver/auth_server.go:104.2,105.16 2 0
server-management-service/internal/modules/identity/handler/grpcserver/auth_server.go:105.16,106.53 1 0
server-management-service/internal/modules/identity/handler/grpcserver/auth_server.go:106.53,108.4 1 0
server-management-service/internal/modules/identity/handler/grpcserver/auth_server.go:109.3,109.70 1 0
server-management-service/internal/modules/identity/handler/grpcserver/auth_server.go:112.2,114.16 3 0
server-management-service/internal/modules/identity/handler/grpcserver/auth_server.go:114.16,120.3 1 0
server-management-service/internal/modules/identity/handler/grpcserver/auth_server.go:122.2,126.8 1 0
server-management-service/internal/modules/identity/handler/grpcserver/auth_server.go:129.118,131.54 2 0
server-management-service/internal/modules/identity/handler/grpcserver/auth_server.go:131.54,133.72 2 0
server-management-service/internal/modules/identity/handler/grpcserver/auth_server.go:133.72,135.4 1 0
server-management-service/internal/modules/identity/handler/grpcserver/auth_server.go:136.3,136.17 1 0
server-management-service/internal/modules/identity/handler/grpcserver/auth_server.go:136.17,138.4 1 0
server-management-service/internal/modules/identity/handler/grpcserver/auth_server.go:141.2,149.8 2 0
server-management-service/internal/modules/monitoring/repository/mock/monitoring_repository.go:18.152,21.19 2 0
server-management-service/internal/modules/monitoring/repository/mock/monitoring_repository.go:21.19,22.60 1 0
server-management-service/internal/modules/monitoring/repository/mock/monitoring_repository.go:25.2,26.94 2 0
server-management-service/internal/modules/monitoring/repository/mock/monitoring_repository.go:26.94,28.3 1 0
server-management-service/internal/modules/monitoring/repository/mock/monitoring_repository.go:28.8,30.3 1 0
server-management-service/internal/modules/monitoring/repository/mock/monitoring_repository.go:32.2,32.11 1 0
server-management-service/internal/modules/monitoring/repository/mock/monitoring_repository.go:40.26,44.19 3 0
server-management-service/internal/modules/monitoring/repository/mock/monitoring_repository.go:44.19,44.49 1 0
server-management-service/internal/modules/monitoring/repository/mock/monitoring_repository.go:46.2,46.13 1 0
server-management-service/internal/modules/identity/service/auth_service.go:58.15,66.2 1 0
server-management-service/internal/modules/identity/service/auth_service.go:70.122,72.16 2 0
server-management-service/internal/modules/identity/service/auth_service.go:72.16,74.3 1 0
server-management-service/internal/modules/identity/service/auth_service.go:75.2,75.17 1 0
server-management-service/internal/modules/identity/service/auth_service.go:75.17,77.3 1 0
server-management-service/internal/modules/identity/service/auth_service.go:79.2,79.95 1 0
server-management-service/internal/modules/identity/service/auth_service.go:79.95,81.3 1 0
server-management-service/internal/modules/identity/service/auth_service.go:83.2,99.59 6 0
server-management-service/internal/modules/identity/service/auth_service.go:99.59,101.3 1 0
server-management-service/internal/modules/identity/service/auth_service.go:103.2,110.69 2 0
server-management-service/internal/modules/identity/service/auth_service.go:110.69,112.3 1 0
server-management-service/internal/modules/identity/service/auth_service.go:114.2,115.16 2 0
server-management-service/internal/modules/identity/service/auth_service.go:115.16,117.3 1 0
server-management-service/internal/modules/identity/service/auth_service.go:119.2,124.8 1 0
server-management-service/internal/modules/identity/service/auth_service.go:127.101,128.24 1 0
server-management-service/internal/modules/identity/service/auth_service.go:128.24,130.3 1 0
server-management-service/internal/modules/identity/service/auth_service.go:132.2,134.37 3 0
server-management-service/internal/modules/identity/service/auth_service.go:134.37,136.3 1 0
server-management-service/internal/modules/identity/service/auth_service.go:138.2,138.33 1 0
server-management-service/internal/modules/identity/service/auth_service.go:138.33,142.3 2 0
server-management-service/internal/modules/identity/service/auth_service.go:144.2,144.45 1 0
server-management-service/internal/modules/identity/service/auth_service.go:144.45,146.3 1 0
server-management-service/internal/modules/identity/service/auth_service.go:148.2,149.34 2 0
server-management-service/internal/modules/identity/service/auth_service.go:149.34,151.3 1 0
server-management-service/internal/modules/identity/service/auth_service.go:153.2,154.31 2 0
server-management-service/internal/modules/identity/service/auth_service.go:154.31,156.3 1 0
server-management-service/internal/modules/identity/service/auth_service.go:159.2,164.50 5 0
server-management-service/internal/modules/identity/service/auth_service.go:164.50,166.3 1 0
server-management-service/internal/modules/identity/service/auth_service.go:168.2,181.16 6 0
server-management-service/internal/modules/identity/service/auth_service.go:181.16,183.3 1 0
server-management-service/internal/modules/identity/service/auth_service.go:185.2,189.8 1 0
server-management-service/internal/modules/identity/service/auth_service.go:192.82,194.16 2 0
server-management-service/internal/modules/identity/service/auth_service.go:194.16,196.3 1 0
server-management-service/internal/modules/identity/service/auth_service.go:198.2,199.34 2 0
server-management-service/internal/modules/identity/service/auth_service.go:199.34,201.3 1 0
server-management-service/internal/modules/identity/service/auth_service.go:203.2,209.12 4 0
server-management-service/internal/modules/identity/service/auth_service.go:212.77,214.16 2 0
server-management-service/internal/modules/identity/service/auth_service.go:214.16,216.3 1 0
server-management-service/internal/modules/identity/service/auth_service.go:218.2,221.35 3 0
server-management-service/internal/modules/identity/service/auth_service.go:221.35,223.3 1 0
server-management-service/internal/modules/identity/service/auth_service.go:225.2,225.12 1 0
server-management-service/internal/modules/monitoring/domain/state.go:22.49,24.2 1 0
server-management-service/internal/modules/monitoring/repository/impl/monitoring_repository_impl.go:16.79,20.2 1 0
server-management-service/internal/modules/monitoring/repository/impl/monitoring_repository_impl.go:22.161,29.2 1 0
server-management-service/internal/modules/monitoring/service/monitoring_service.go:26.174,33.2 1 12
server-management-service/internal/modules/monitoring/service/monitoring_service.go:35.115,39.16 2 12
server-management-service/internal/modules/monitoring/service/monitoring_service.go:39.16,42.3 1 1
server-management-service/internal/modules/monitoring/service/monitoring_service.go:44.2,48.16 3 12
server-management-service/internal/modules/monitoring/service/monitoring_service.go:48.16,50.3 1 1
server-management-service/internal/modules/monitoring/service/monitoring_service.go:52.2,52.20 1 11
server-management-service/internal/modules/monitoring/service/monitoring_service.go:52.20,54.3 1 1
server-management-service/internal/modules/monitoring/service/monitoring_service.go:56.2,57.28 2 10
server-management-service/internal/modules/monitoring/service/monitoring_service.go:57.28,59.3 1 1
server-management-service/internal/modules/monitoring/service/monitoring_service.go:60.2,64.25 4 10
server-management-service/internal/modules/monitoring/service/monitoring_service.go:64.25,66.3 1 10
server-management-service/internal/modules/monitoring/service/monitoring_service.go:69.2,72.17 3 10
server-management-service/internal/modules/monitoring/service/monitoring_service.go:72.17,73.56 1 6
server-management-service/internal/modules/monitoring/service/monitoring_service.go:73.56,78.4 3 2
server-management-service/internal/modules/monitoring/service/monitoring_service.go:78.9,81.4 1 4
server-management-service/internal/modules/monitoring/service/monitoring_service.go:82.8,83.55 1 4
server-management-service/internal/modules/monitoring/service/monitoring_service.go:83.55,85.40 2 3
server-management-service/internal/modules/monitoring/service/monitoring_service.go:85.40,89.5 3 2
server-management-service/internal/modules/monitoring/service/monitoring_service.go:90.9,93.4 1 1
server-management-service/internal/modules/monitoring/service/monitoring_service.go:97.2,97.19 1 10
server-management-service/internal/modules/monitoring/service/monitoring_service.go:97.19,99.3 1 4
server-management-service/internal/modules/monitoring/service/monitoring_service.go:99.8,101.3 1 6
server-management-service/internal/modules/monitoring/service/monitoring_service.go:102.2,102.16 1 10
server-management-service/internal/modules/monitoring/service/monitoring_service.go:102.16,104.3 1 1
server-management-service/internal/modules/monitoring/service/monitoring_service.go:107.2,107.19 1 9
server-management-service/internal/modules/monitoring/service/monitoring_service.go:107.19,109.17 2 4
server-management-service/internal/modules/monitoring/service/monitoring_service.go:109.17,111.4 1 1
server-management-service/internal/modules/monitoring/service/monitoring_service.go:112.8,112.95 1 5
server-management-service/internal/modules/monitoring/service/monitoring_service.go:112.95,115.17 2 1
server-management-service/internal/modules/monitoring/service/monitoring_service.go:115.17,117.4 1 0
server-management-service/internal/modules/monitoring/service/monitoring_service.go:120.2,120.12 1 8
server-management-service/internal/modules/reporting/domain/report.go:32.41,34.2 1 1
server-management-service/internal/modules/reporting/domain/report.go:37.122,38.45 1 1
server-management-service/internal/modules/reporting/domain/report.go:38.45,40.3 1 0
server-management-service/internal/modules/reporting/domain/report.go:42.2,53.17 3 1
server-management-service/internal/modules/server_management/domain/server.go:14.38,15.11 1 6
server-management-service/internal/modules/server_management/domain/server.go:16.47,17.14 1 2
server-management-service/internal/modules/server_management/domain/server.go:19.2,19.14 1 4
server-management-service/internal/modules/server_management/domain/server.go:32.34,34.2 1 1
server-management-service/internal/modules/reporting/service/reporting_worker.go:48.189,49.22 1 0
server-management-service/internal/modules/reporting/service/reporting_worker.go:49.22,51.3 1 0
server-management-service/internal/modules/reporting/service/reporting_worker.go:52.2,52.23 1 0
server-management-service/internal/modules/reporting/service/reporting_worker.go:52.23,54.3 1 0
server-management-service/internal/modules/reporting/service/reporting_worker.go:55.2,62.3 1 0
server-management-service/internal/modules/reporting/service/reporting_worker.go:65.58,67.37 2 0
server-management-service/internal/modules/reporting/service/reporting_worker.go:67.37,70.3 2 0
server-management-service/internal/modules/reporting/service/reporting_worker.go:73.38,78.2 4 0
server-management-service/internal/modules/reporting/service/reporting_worker.go:80.72,82.2 1 0
server-management-service/internal/modules/reporting/service/reporting_worker.go:84.67,87.30 3 0
server-management-service/internal/modules/reporting/service/reporting_worker.go:87.30,89.3 1 0
server-management-service/internal/modules/reporting/service/reporting_worker.go:90.2,90.48 1 0
server-management-service/internal/modules/reporting/service/reporting_worker.go:93.107,97.16 3 0
server-management-service/internal/modules/reporting/service/reporting_worker.go:97.16,100.3 2 0
server-management-service/internal/modules/reporting/service/reporting_worker.go:102.2,105.16 3 0
server-management-service/internal/modules/reporting/service/reporting_worker.go:105.16,108.3 2 0
server-management-service/internal/modules/reporting/service/reporting_worker.go:110.2,111.16 2 0
server-management-service/internal/modules/reporting/service/reporting_worker.go:111.16,113.3 1 0
server-management-service/internal/modules/reporting/service/reporting_worker.go:113.8,115.3 1 0
server-management-service/internal/modules/reporting/service/reporting_worker.go:118.92,121.16 2 0
server-management-service/internal/modules/reporting/service/reporting_worker.go:121.16,123.3 1 0
server-management-service/internal/modules/reporting/service/reporting_worker.go:124.2,125.16 2 0
server-management-service/internal/modules/reporting/service/reporting_worker.go:125.16,127.3 1 0
server-management-service/internal/modules/reporting/service/reporting_worker.go:128.2,129.16 2 0
server-management-service/internal/modules/reporting/service/reporting_worker.go:129.16,131.3 1 0
server-management-service/internal/modules/reporting/service/reporting_worker.go:134.2,135.16 2 0
server-management-service/internal/modules/reporting/service/reporting_worker.go:135.16,137.3 1 0
server-management-service/internal/modules/reporting/service/reporting_worker.go:140.2,141.16 2 0
server-management-service/internal/modules/reporting/service/reporting_worker.go:141.16,143.3 1 0
server-management-service/internal/modules/reporting/service/reporting_worker.go:145.2,155.49 3 0
server-management-service/internal/modules/reporting/service/reporting_worker.go:155.49,157.3 1 0
server-management-service/internal/modules/reporting/service/reporting_worker.go:158.2,163.23 3 0
server-management-service/internal/modules/reporting/service/reporting_worker.go:163.23,165.17 2 0
server-management-service/internal/modules/reporting/service/reporting_worker.go:165.17,168.4 2 0
server-management-service/internal/modules/reporting/service/reporting_worker.go:171.2,171.12 1 0
server-management-service/internal/modules/reporting/service/reporting_worker.go:174.112,175.23 1 0
server-management-service/internal/modules/reporting/service/reporting_worker.go:175.23,177.3 1 0
server-management-service/internal/modules/reporting/service/reporting_worker.go:179.2,196.16 4 0
server-management-service/internal/modules/reporting/service/reporting_worker.go:196.16,198.3 1 0
server-management-service/internal/modules/reporting/service/reporting_worker.go:200.2,200.30 1 0
server-management-service/internal/modules/reporting/service/reporting_worker.go:200.30,202.3 1 0
server-management-service/internal/modules/reporting/service/reporting_worker.go:205.2,229.16 2 0
server-management-service/internal/modules/reporting/service/reporting_worker.go:229.16,231.3 1 0
server-management-service/internal/modules/reporting/service/reporting_worker.go:233.2,233.83 1 0
server-management-service/internal/modules/reporting/service/service.go:22.104,27.2 1 5
server-management-service/internal/modules/reporting/service/service.go:29.121,33.16 2 5
server-management-service/internal/modules/reporting/service/service.go:33.16,35.3 1 1
server-management-service/internal/modules/reporting/service/service.go:37.2,38.16 2 4
server-management-service/internal/modules/reporting/service/service.go:38.16,40.3 1 1
server-management-service/internal/modules/reporting/service/service.go:42.2,47.16 4 3
server-management-service/internal/modules/reporting/service/service.go:47.16,49.3 1 1
server-management-service/internal/modules/reporting/service/service.go:51.2,52.16 2 2
server-management-service/internal/modules/reporting/service/service.go:52.16,54.3 1 1
server-management-service/internal/modules/reporting/service/service.go:57.2,59.12 2 1
server-management-service/internal/modules/server_management/service/import_export.go:23.101,24.34 1 11
server-management-service/internal/modules/server_management/service/import_export.go:24.34,26.3 1 1
server-management-service/internal/modules/server_management/service/import_export.go:28.2,29.16 2 10
server-management-service/internal/modules/server_management/service/import_export.go:29.16,31.3 1 1
server-management-service/internal/modules/server_management/service/import_export.go:32.2,35.21 3 9
server-management-service/internal/modules/server_management/service/import_export.go:35.21,37.3 1 0
server-management-service/internal/modules/server_management/service/import_export.go:39.2,40.16 2 9
server-management-service/internal/modules/server_management/service/import_export.go:40.16,42.3 1 0
server-management-service/internal/modules/server_management/service/import_export.go:45.2,45.18 1 9
server-management-service/internal/modules/server_management/service/import_export.go:45.18,47.3 1 1
server-management-service/internal/modules/server_management/service/import_export.go:48.2,51.27 3 8
server-management-service/internal/modules/server_management/service/import_export.go:51.27,53.17 2 16
server-management-service/internal/modules/server_management/service/import_export.go:54.30,55.15 1 7
server-management-service/internal/modules/server_management/service/import_export.go:56.21,57.13 1 7
server-management-service/internal/modules/server_management/service/import_export.go:61.2,61.34 1 8
server-management-service/internal/modules/server_management/service/import_export.go:61.34,63.3 1 1
server-management-service/internal/modules/server_management/service/import_export.go:65.2,68.31 3 7
server-management-service/internal/modules/server_management/service/import_export.go:68.31,69.22 1 7
server-management-service/internal/modules/server_management/service/import_export.go:69.22,71.4 1 0
server-management-service/internal/modules/server_management/service/import_export.go:73.3,75.29 3 7
server-management-service/internal/modules/server_management/service/import_export.go:75.29,78.4 2 9
server-management-service/internal/modules/server_management/service/import_export.go:80.3,81.17 2 7
server-management-service/internal/modules/server_management/service/import_export.go:81.17,83.4 1 0
server-management-service/internal/modules/server_management/service/import_export.go:85.3,87.38 3 7
server-management-service/internal/modules/server_management/service/import_export.go:87.38,90.4 2 2
server-management-service/internal/modules/server_management/service/import_export.go:92.3,93.29 2 7
server-management-service/internal/modules/server_management/service/import_export.go:93.29,94.66 1 9
server-management-service/internal/modules/server_management/service/import_export.go:94.66,97.5 2 2
server-management-service/internal/modules/server_management/service/import_export.go:97.10,105.5 5 7
server-management-service/internal/modules/server_management/service/import_export.go:108.3,108.28 1 7
server-management-service/internal/modules/server_management/service/import_export.go:108.28,109.64 1 6
server-management-service/internal/modules/server_management/service/import_export.go:109.64,111.5 1 1
server-management-service/internal/modules/server_management/service/import_export.go:114.4,114.22 1 5
server-management-service/internal/modules/server_management/service/import_export.go:114.22,116.38 2 1
server-management-service/internal/modules/server_management/service/import_export.go:116.38,123.6 1 1
server-management-service/internal/modules/server_management/service/import_export.go:124.5,124.64 1 1
server-management-service/internal/modules/server_management/service/import_export.go:124.64,126.6 1 0
server-management-service/internal/modules/server_management/service/import_export.go:130.3,131.13 2 6
server-management-service/internal/modules/server_management/service/import_export.go:134.2,134.18 1 7
server-management-service/internal/modules/server_management/service/import_export.go:134.18,138.26 3 9
server-management-service/internal/modules/server_management/service/import_export.go:138.26,140.4 1 9
server-management-service/internal/modules/server_management/service/import_export.go:141.3,141.24 1 9
server-management-service/internal/modules/server_management/service/import_export.go:141.24,143.4 1 9
server-management-service/internal/modules/server_management/service/import_export.go:145.3,145.31 1 9
server-management-service/internal/modules/server_management/service/import_export.go:145.31,146.12 1 0
server-management-service/internal/modules/server_management/service/import_export.go:150.3,151.82 2 9
server-management-service/internal/modules/server_management/service/import_export.go:151.82,154.12 3 0
server-management-service/internal/modules/server_management/service/import_export.go:157.3,163.30 2 9
server-management-service/internal/modules/server_management/service/import_export.go:163.30,164.41 1 0
server-management-service/internal/modules/server_management/service/import_export.go:164.41,166.5 1 0
server-management-service/internal/modules/server_management/service/import_export.go:171.2,171.39 1 7
server-management-service/internal/modules/server_management/service/import_export.go:171.39,173.3 1 1
server-management-service/internal/modules/server_management/service/import_export.go:175.2,175.20 1 6
server-management-service/internal/modules/server_management/service/import_export.go:178.120,181.16 2 3
server-management-service/internal/modules/server_management/service/import_export.go:181.16,183.3 1 1
server-management-service/internal/modules/server_management/service/import_export.go:186.2,190.16 4 2
server-management-service/internal/modules/server_management/service/import_export.go:190.16,192.3 1 0
server-management-service/internal/modules/server_management/service/import_export.go:195.2,196.49 2 2
server-management-service/internal/modules/server_management/service/import_export.go:196.49,198.3 1 0
server-management-service/internal/modules/server_management/service/import_export.go:201.2,201.30 1 2
server-management-service/internal/modules/server_management/service/import_export.go:201.30,213.46 4 1
server-management-service/internal/modules/server_management/service/import_export.go:213.46,215.4 1 0
server-management-service/internal/modules/server_management/service/import_export.go:218.2,218.35 1 2
server-management-service/internal/modules/server_management/service/import_export.go:218.35,220.3 1 0
server-management-service/internal/modules/server_management/service/import_export.go:222.2,223.38 2 2
server-management-service/internal/modules/server_management/service/import_export.go:223.38,225.3 1 0
server-management-service/internal/modules/server_management/service/import_export.go:227.2,228.35 2 2
server-management-service/internal/modules/server_management/service/server_service.go:51.97,56.2 1 44
server-management-service/internal/modules/server_management/service/server_service.go:58.108,60.16 2 7
server-management-service/internal/modules/server_management/service/server_service.go:60.16,62.3 1 1
server-management-service/internal/modules/server_management/service/server_service.go:63.2,63.25 1 6
server-management-service/internal/modules/server_management/service/server_service.go:63.25,65.3 1 1
server-management-service/internal/modules/server_management/service/server_service.go:67.2,68.16 2 5
server-management-service/internal/modules/server_management/service/server_service.go:68.16,70.3 1 1
server-management-service/internal/modules/server_management/service/server_service.go:71.2,71.23 1 4
server-management-service/internal/modules/server_management/service/server_service.go:71.23,73.3 1 1
server-management-service/internal/modules/server_management/service/server_service.go:75.2,81.16 3 3
server-management-service/internal/modules/server_management/service/server_service.go:81.16,83.3 1 1
server-management-service/internal/modules/server_management/service/server_service.go:86.2,86.20 1 2
server-management-service/internal/modules/server_management/service/server_service.go:86.20,87.108 1 1
server-management-service/internal/modules/server_management/service/server_service.go:87.108,89.4 1 0
server-management-service/internal/modules/server_management/service/server_service.go:92.2,92.20 1 2
server-management-service/internal/modules/server_management/service/server_service.go:95.119,97.16 2 10
server-management-service/internal/modules/server_management/service/server_service.go:97.16,98.45 1 1
server-management-service/internal/modules/server_management/service/server_service.go:98.45,100.4 1 1
server-management-service/internal/modules/server_management/service/server_service.go:101.3,101.18 1 0
server-management-service/internal/modules/server_management/service/server_service.go:103.2,103.19 1 9
server-management-service/internal/modules/server_management/service/server_service.go:103.19,105.3 1 0
server-management-service/internal/modules/server_management/service/server_service.go:107.2,107.43 1 9
server-management-service/internal/modules/server_management/service/server_service.go:107.43,109.17 2 6
server-management-service/internal/modules/server_management/service/server_service.go:109.17,111.4 1 1
server-management-service/internal/modules/server_management/service/server_service.go:112.3,112.57 1 5
server-management-service/internal/modules/server_management/service/server_service.go:112.57,114.4 1 1
server-management-service/internal/modules/server_management/service/server_service.go:115.3,115.39 1 4
server-management-service/internal/modules/server_management/service/server_service.go:118.2,118.31 1 7
server-management-service/internal/modules/server_management/service/server_service.go:118.31,120.17 2 5
server-management-service/internal/modules/server_management/service/server_service.go:120.17,122.4 1 1
server-management-service/internal/modules/server_management/service/server_service.go:123.3,123.53 1 4
server-management-service/internal/modules/server_management/service/server_service.go:123.53,125.4 1 1
server-management-service/internal/modules/server_management/service/server_service.go:126.3,126.27 1 3
server-management-service/internal/modules/server_management/service/server_service.go:129.2,130.16 2 5
server-management-service/internal/modules/server_management/service/server_service.go:130.16,132.3 1 1
server-management-service/internal/modules/server_management/service/server_service.go:135.2,135.20 1 4
server-management-service/internal/modules/server_management/service/server_service.go:135.20,136.133 1 3
server-management-service/internal/modules/server_management/service/server_service.go:136.133,138.4 1 0
server-management-service/internal/modules/server_management/service/server_service.go:141.2,141.20 1 4
server-management-service/internal/modules/server_management/service/server_service.go:144.76,146.16 2 6
server-management-service/internal/modules/server_management/service/server_service.go:146.16,147.45 1 1
server-management-service/internal/modules/server_management/service/server_service.go:147.45,149.4 1 1
server-management-service/internal/modules/server_management/service/server_service.go:150.3,150.13 1 0
server-management-service/internal/modules/server_management/service/server_service.go:152.2,152.19 1 5
server-management-service/internal/modules/server_management/service/server_service.go:152.19,154.3 1 0
server-management-service/internal/modules/server_management/service/server_service.go:156.2,157.16 2 5
server-management-service/internal/modules/server_management/service/server_service.go:157.16,158.45 1 3
server-management-service/internal/modules/server_management/service/server_service.go:158.45,160.4 1 1
server-management-service/internal/modules/server_management/service/server_service.go:161.3,161.13 1 2
server-management-service/internal/modules/server_management/service/server_service.go:165.2,165.20 1 2
server-management-service/internal/modules/server_management/service/server_service.go:165.20,166.49 1 1
server-management-service/internal/modules/server_management/service/server_service.go:166.49,168.4 1 0
server-management-service/internal/modules/server_management/service/server_service.go:171.2,171.12 1 2
server-management-service/internal/modules/server_management/service/server_service.go:174.129,175.21 1 7
server-management-service/internal/modules/server_management/service/server_service.go:175.21,177.3 1 1
server-management-service/internal/modules/server_management/service/server_service.go:178.2,178.50 1 7
server-management-service/internal/modules/server_management/service/server_service.go:178.50,180.3 1 2
server-management-service/internal/modules/server_management/service/server_service.go:182.2,182.74 1 7
server-management-service/internal/modules/server_management/service/server_service.go:182.74,184.3 1 0
server-management-service/internal/modules/server_management/service/server_service.go:186.2,186.35 1 7
server-management-service/internal/modules/monitoring/worker/app.go:26.29,29.17 2 0
server-management-service/internal/modules/monitoring/worker/app.go:29.17,31.3 1 0
server-management-service/internal/modules/monitoring/worker/app.go:33.2,34.16 2 0
server-management-service/internal/modules/monitoring/worker/app.go:34.16,36.3 1 0
server-management-service/internal/modules/monitoring/worker/app.go:39.2,40.16 2 0
server-management-service/internal/modules/monitoring/worker/app.go:40.16,42.3 1 0
server-management-service/internal/modules/monitoring/worker/app.go:45.2,46.24 2 0
server-management-service/internal/modules/monitoring/worker/app.go:46.24,48.3 1 0
server-management-service/internal/modules/monitoring/worker/app.go:49.2,49.78 1 0
server-management-service/internal/modules/monitoring/worker/app.go:49.78,51.3 1 0
server-management-service/internal/modules/monitoring/worker/app.go:54.2,56.16 3 0
server-management-service/internal/modules/monitoring/worker/app.go:56.16,58.3 1 0
server-management-service/internal/modules/monitoring/worker/app.go:59.2,80.8 11 0
server-management-service/internal/modules/monitoring/worker/app.go:83.27,100.12 9 0
server-management-service/internal/modules/monitoring/worker/app.go:100.12,103.7 2 0
server-management-service/internal/modules/monitoring/worker/app.go:103.7,104.11 1 0
server-management-service/internal/modules/monitoring/worker/app.go:105.22,106.11 1 0
server-management-service/internal/modules/monitoring/worker/app.go:107.20,108.20 1 0
server-management-service/internal/modules/monitoring/worker/app.go:113.2,121.12 6 0
server-management-service/internal/modules/monitoring/worker/app.go:124.45,130.16 4 0
server-management-service/internal/modules/monitoring/worker/app.go:130.16,133.3 2 0
server-management-service/internal/modules/monitoring/worker/app.go:135.2,135.15 1 0
server-management-service/internal/modules/monitoring/worker/app.go:135.15,138.3 2 0
server-management-service/internal/modules/monitoring/worker/app.go:140.2,146.16 5 0
server-management-service/internal/modules/monitoring/worker/app.go:146.16,148.3 1 0
server-management-service/internal/modules/monitoring/worker/app.go:148.8,150.3 1 0
server-management-service/internal/modules/monitoring/worker/pinger.go:19.44,23.2 1 0
server-management-service/internal/modules/monitoring/worker/pinger.go:25.66,27.16 2 0
server-management-service/internal/modules/monitoring/worker/pinger.go:27.16,30.3 2 0
server-management-service/internal/modules/monitoring/worker/pinger.go:32.2,37.16 5 0
server-management-service/internal/modules/monitoring/worker/pinger.go:37.16,40.3 2 0
server-management-service/internal/modules/monitoring/worker/pinger.go:42.2,44.30 2 0
server-management-service/internal/modules/monitoring/worker/pool.go:28.145,36.2 1 1
server-management-service/internal/modules/monitoring/worker/pool.go:38.53,41.16 2 1
server-management-service/internal/modules/monitoring/worker/pool.go:41.16,43.3 1 0
server-management-service/internal/modules/monitoring/worker/pool.go:45.2,45.25 1 1
server-management-service/internal/modules/monitoring/worker/pool.go:45.25,47.3 1 0
server-management-service/internal/modules/monitoring/worker/pool.go:50.2,54.37 3 1
server-management-service/internal/modules/monitoring/worker/pool.go:54.37,56.13 2 2
server-management-service/internal/modules/monitoring/worker/pool.go:56.13,58.27 2 2
server-management-service/internal/modules/monitoring/worker/pool.go:58.27,60.5 1 2
server-management-service/internal/modules/monitoring/worker/pool.go:65.2,65.31 1 1
server-management-service/internal/modules/monitoring/worker/pool.go:65.31,67.3 1 2
server-management-service/internal/modules/monitoring/worker/pool.go:68.2,72.12 3 1
server-management-service/internal/modules/monitoring/worker/pool.go:75.74,79.16 3 2
server-management-service/internal/modules/monitoring/worker/pool.go:79.16,82.3 2 0
server-management-service/internal/modules/monitoring/worker/pool.go:83.2,83.16 1 2
server-management-service/internal/modules/monitoring/worker/pool.go:83.16,86.3 2 0
server-management-service/internal/modules/monitoring/worker/pool.go:89.2,93.16 3 2
server-management-service/internal/modules/monitoring/worker/pool.go:93.16,95.3 1 0
server-management-service/internal/modules/server_management/handler/grpcserver/server_handler.go:24.93,28.2 1 9
server-management-service/internal/modules/server_management/handler/grpcserver/server_handler.go:30.32,31.47 1 4
server-management-service/internal/modules/server_management/handler/grpcserver/server_handler.go:31.47,33.3 1 2
server-management-service/internal/modules/server_management/handler/grpcserver/server_handler.go:34.2,34.84 1 2
server-management-service/internal/modules/server_management/handler/grpcserver/server_handler.go:34.84,36.3 1 1
server-management-service/internal/modules/server_management/handler/grpcserver/server_handler.go:37.2,37.51 1 1
server-management-service/internal/modules/server_management/handler/grpcserver/server_handler.go:40.71,41.19 1 5
server-management-service/internal/modules/server_management/handler/grpcserver/server_handler.go:41.19,43.3 1 1
server-management-service/internal/modules/server_management/handler/grpcserver/server_handler.go:44.2,51.3 1 4
server-management-service/internal/modules/server_management/handler/grpcserver/server_handler.go:54.165,55.16 1 2
server-management-service/internal/modules/server_management/handler/grpcserver/server_handler.go:55.16,57.3 1 0
server-management-service/internal/modules/server_management/handler/grpcserver/server_handler.go:59.2,65.16 3 2
server-management-service/internal/modules/server_management/handler/grpcserver/server_handler.go:65.16,67.3 1 1
server-management-service/internal/modules/server_management/handler/grpcserver/server_handler.go:69.2,71.8 1 1
server-management-service/internal/modules/server_management/handler/grpcserver/server_handler.go:74.165,75.16 1 2
server-management-service/internal/modules/server_management/handler/grpcserver/server_handler.go:75.16,77.3 1 0
server-management-service/internal/modules/server_management/handler/grpcserver/server_handler.go:79.2,85.16 3 2
server-management-service/internal/modules/server_management/handler/grpcserver/server_handler.go:85.16,87.3 1 1
server-management-service/internal/modules/server_management/handler/grpcserver/server_handler.go:89.2,91.8 1 1
server-management-service/internal/modules/server_management/handler/grpcserver/server_handler.go:94.165,95.16 1 3
server-management-service/internal/modules/server_management/handler/grpcserver/server_handler.go:95.16,97.3 1 0
server-management-service/internal/modules/server_management/handler/grpcserver/server_handler.go:99.2,100.16 2 3
server-management-service/internal/modules/server_management/handler/grpcserver/server_handler.go:100.16,102.3 1 2
server-management-service/internal/modules/server_management/handler/grpcserver/server_handler.go:104.2,106.8 1 1
server-management-service/internal/modules/server_management/handler/grpcserver/server_handler.go:109.162,110.16 1 2
server-management-service/internal/modules/server_management/handler/grpcserver/server_handler.go:110.16,112.3 1 0
server-management-service/internal/modules/server_management/handler/grpcserver/server_handler.go:114.2,124.16 3 2
server-management-service/internal/modules/server_management/handler/grpcserver/server_handler.go:124.16,126.3 1 1
server-management-service/internal/modules/server_management/handler/grpcserver/server_handler.go:128.2,129.33 2 1
server-management-service/internal/modules/server_management/handler/grpcserver/server_handler.go:129.33,131.3 1 1
server-management-service/internal/modules/server_management/handler/grpcserver/server_handler.go:133.2,136.8 1 1
server-management-service/internal/modules/server_management/handler/grpcserver/server_handler.go:139.168,140.16 1 0
server-management-service/internal/modules/server_management/handler/grpcserver/server_handler.go:140.16,142.3 1 0
server-management-service/internal/modules/server_management/handler/grpcserver/server_handler.go:144.2,145.16 2 0
server-management-service/internal/modules/server_management/handler/grpcserver/server_handler.go:145.16,146.51 1 0
server-management-service/internal/modules/server_management/handler/grpcserver/server_handler.go:146.51,148.4 1 0
server-management-service/internal/modules/server_management/handler/grpcserver/server_handler.go:149.3,149.148 1 0
server-management-service/internal/modules/server_management/handler/grpcserver/server_handler.go:149.148,151.4 1 0
server-management-service/internal/modules/server_management/handler/grpcserver/server_handler.go:152.3,152.57 1 0
server-management-service/internal/modules/server_management/handler/grpcserver/server_handler.go:155.2,160.8 1 0
server-management-service/internal/modules/server_management/handler/grpcserver/server_handler.go:163.168,164.16 1 0
server-management-service/internal/modules/server_management/handler/grpcserver/server_handler.go:164.16,166.3 1 0
server-management-service/internal/modules/server_management/handler/grpcserver/server_handler.go:168.2,178.16 3 0
server-management-service/internal/modules/server_management/handler/grpcserver/server_handler.go:178.16,180.3 1 0
server-management-service/internal/modules/server_management/handler/grpcserver/server_handler.go:182.2,185.8 1 0
server-management-service/internal/modules/server_management/service/mock/cache_manager.go:18.95,21.19 2 0
server-management-service/internal/modules/server_management/service/mock/cache_manager.go:21.19,22.53 1 0
server-management-service/internal/modules/server_management/service/mock/cache_manager.go:25.2,26.85 2 0
server-management-service/internal/modules/server_management/service/mock/cache_manager.go:26.85,28.3 1 0
server-management-service/internal/modules/server_management/service/mock/cache_manager.go:28.8,30.3 1 0
server-management-service/internal/modules/server_management/service/mock/cache_manager.go:32.2,32.11 1 0
server-management-service/internal/modules/server_management/service/mock/cache_manager.go:36.70,39.19 2 0
server-management-service/internal/modules/server_management/service/mock/cache_manager.go:39.19,40.48 1 0
server-management-service/internal/modules/server_management/service/mock/cache_manager.go:43.2,44.68 2 0
server-management-service/internal/modules/server_management/service/mock/cache_manager.go:44.68,46.3 1 0
server-management-service/internal/modules/server_management/service/mock/cache_manager.go:46.8,48.3 1 0
server-management-service/internal/modules/server_management/service/mock/cache_manager.go:50.2,50.11 1 0
server-management-service/internal/modules/server_management/service/mock/cache_manager.go:54.114,57.19 2 0
server-management-service/internal/modules/server_management/service/mock/cache_manager.go:57.19,58.48 1 0
server-management-service/internal/modules/server_management/service/mock/cache_manager.go:61.2,62.89 2 0
server-management-service/internal/modules/server_management/service/mock/cache_manager.go:62.89,64.3 1 0
server-management-service/internal/modules/server_management/service/mock/cache_manager.go:64.8,66.3 1 0
server-management-service/internal/modules/server_management/service/mock/cache_manager.go:68.2,68.11 1 0
server-management-service/internal/modules/server_management/service/mock/cache_manager.go:76.18,80.19 3 0
server-management-service/internal/modules/server_management/service/mock/cache_manager.go:80.19,80.49 1 0
server-management-service/internal/modules/server_management/service/mock/cache_manager.go:82.2,82.13 1 0
server-management-service/internal/modules/reporting/handler/grpcserver/grpc_server.go:18.86,22.2 1 0
server-management-service/internal/modules/reporting/handler/grpcserver/grpc_server.go:24.150,25.27 1 0
server-management-service/internal/modules/reporting/handler/grpcserver/grpc_server.go:25.27,27.3 1 0
server-management-service/internal/modules/reporting/handler/grpcserver/grpc_server.go:29.2,30.16 2 0
server-management-service/internal/modules/reporting/handler/grpcserver/grpc_server.go:30.16,32.3 1 0
server-management-service/internal/modules/reporting/handler/grpcserver/grpc_server.go:34.2,38.8 1 0
server-management-service/internal/modules/notification/service/notification_service.go:14.75,16.2 1 0
server-management-service/internal/modules/notification/service/notification_service.go:18.123,25.2 2 0
server-management-service/internal/modules/reporting/repository/mock/reporting_repository.go:18.106,21.19 2 0
server-management-service/internal/modules/reporting/repository/mock/reporting_repository.go:21.19,22.61 1 0
server-management-service/internal/modules/reporting/repository/mock/reporting_repository.go:25.2,26.83 2 0
server-management-service/internal/modules/reporting/repository/mock/reporting_repository.go:26.83,28.3 1 0
server-management-service/internal/modules/reporting/repository/mock/reporting_repository.go:28.8,30.3 1 0
server-management-service/internal/modules/reporting/repository/mock/reporting_repository.go:32.2,32.11 1 0
server-management-service/internal/modules/reporting/repository/mock/reporting_repository.go:36.106,39.19 2 0
server-management-service/internal/modules/reporting/repository/mock/reporting_repository.go:39.19,40.64 1 0
server-management-service/internal/modules/reporting/repository/mock/reporting_repository.go:43.2,45.77 3 0
server-management-service/internal/modules/reporting/repository/mock/reporting_repository.go:45.77,47.3 1 0
server-management-service/internal/modules/reporting/repository/mock/reporting_repository.go:48.2,48.68 1 0
server-management-service/internal/modules/reporting/repository/mock/reporting_repository.go:48.68,50.3 1 0
server-management-service/internal/modules/reporting/repository/mock/reporting_repository.go:50.8,52.3 1 0
server-management-service/internal/modules/reporting/repository/mock/reporting_repository.go:54.2,54.68 1 0
server-management-service/internal/modules/reporting/repository/mock/reporting_repository.go:54.68,56.3 1 0
server-management-service/internal/modules/reporting/repository/mock/reporting_repository.go:56.8,58.3 1 0
server-management-service/internal/modules/reporting/repository/mock/reporting_repository.go:60.2,60.15 1 0
server-management-service/internal/modules/reporting/repository/mock/reporting_repository.go:64.104,67.19 2 0
server-management-service/internal/modules/reporting/repository/mock/reporting_repository.go:67.19,68.60 1 0
server-management-service/internal/modules/reporting/repository/mock/reporting_repository.go:71.2,72.76 2 0
server-management-service/internal/modules/reporting/repository/mock/reporting_repository.go:72.76,74.3 1 0
server-management-service/internal/modules/reporting/repository/mock/reporting_repository.go:74.8,76.3 1 0
server-management-service/internal/modules/reporting/repository/mock/reporting_repository.go:78.2,78.11 1 0
server-management-service/internal/modules/reporting/repository/mock/reporting_repository.go:86.25,90.19 3 0
server-management-service/internal/modules/reporting/repository/mock/reporting_repository.go:90.19,90.49 1 0
server-management-service/internal/modules/reporting/repository/mock/reporting_repository.go:92.2,92.13 1 0
server-management-service/internal/modules/reporting/scheduler/app.go:26.29,28.16 2 0
server-management-service/internal/modules/reporting/scheduler/app.go:28.16,30.3 1 0
server-management-service/internal/modules/reporting/scheduler/app.go:32.2,33.16 2 0
server-management-service/internal/modules/reporting/scheduler/app.go:33.16,35.3 1 0
server-management-service/internal/modules/reporting/scheduler/app.go:37.2,39.16 3 0
server-management-service/internal/modules/reporting/scheduler/app.go:39.16,41.3 1 0
server-management-service/internal/modules/reporting/scheduler/app.go:43.2,73.16 11 0
server-management-service/internal/modules/reporting/scheduler/app.go:73.16,75.3 1 0
server-management-service/internal/modules/reporting/scheduler/app.go:77.2,77.17 1 0
server-management-service/internal/modules/reporting/scheduler/app.go:80.37,82.47 1 0
server-management-service/internal/modules/reporting/scheduler/app.go:82.47,92.17 6 0
server-management-service/internal/modules/reporting/scheduler/app.go:92.17,94.4 1 0
server-management-service/internal/modules/reporting/scheduler/app.go:94.9,96.4 1 0
server-management-service/internal/modules/reporting/scheduler/app.go:99.2,99.12 1 0
server-management-service/internal/modules/reporting/scheduler/app.go:102.23,106.2 3 0
server-management-service/internal/modules/reporting/scheduler/app.go:108.22,113.2 4 0
server-management-service/internal/modules/server_management/repository/mock/server_repository.go:20.94,23.19 2 0
server-management-service/internal/modules/server_management/repository/mock/server_repository.go:23.19,24.53 1 0
server-management-service/internal/modules/server_management/repository/mock/server_repository.go:27.2,28.78 2 0
server-management-service/internal/modules/server_management/repository/mock/server_repository.go:28.78,30.3 1 0
server-management-service/internal/modules/server_management/repository/mock/server_repository.go:30.8,32.3 1 0
server-management-service/internal/modules/server_management/repository/mock/server_repository.go:34.2,34.11 1 0
server-management-service/internal/modules/server_management/repository/mock/server_repository.go:38.86,41.19 2 0
server-management-service/internal/modules/server_management/repository/mock/server_repository.go:41.19,42.48 1 0
server-management-service/internal/modules/server_management/repository/mock/server_repository.go:45.2,46.76 2 0
server-management-service/internal/modules/server_management/repository/mock/server_repository.go:46.76,48.3 1 0
server-management-service/internal/modules/server_management/repository/mock/server_repository.go:48.8,50.3 1 0
server-management-service/internal/modules/server_management/repository/mock/server_repository.go:52.2,52.11 1 0
server-management-service/internal/modules/server_management/repository/mock/server_repository.go:56.74,59.19 2 0
server-management-service/internal/modules/server_management/repository/mock/server_repository.go:59.19,60.48 1 0
server-management-service/internal/modules/server_management/repository/mock/server_repository.go:63.2,64.68 2 0
server-management-service/internal/modules/server_management/repository/mock/server_repository.go:64.68,66.3 1 0
server-management-service/internal/modules/server_management/repository/mock/server_repository.go:66.8,68.3 1 0
server-management-service/internal/modules/server_management/repository/mock/server_repository.go:70.2,70.11 1 0
server-management-service/internal/modules/server_management/repository/mock/server_repository.go:74.127,77.19 2 0
server-management-service/internal/modules/server_management/repository/mock/server_repository.go:77.19,78.60 1 0
server-management-service/internal/modules/server_management/repository/mock/server_repository.go:81.2,83.100 3 0
server-management-service/internal/modules/server_management/repository/mock/server_repository.go:83.100,85.3 1 0
server-management-service/internal/modules/server_management/repository/mock/server_repository.go:86.2,86.91 1 0
server-management-service/internal/modules/server_management/repository/mock/server_repository.go:86.91,88.3 1 0
server-management-service/internal/modules/server_management/repository/mock/server_repository.go:88.8,89.24 1 0
server-management-service/internal/modules/server_management/repository/mock/server_repository.go:89.24,91.4 1 0
server-management-service/internal/modules/server_management/repository/mock/server_repository.go:94.2,94.80 1 0
server-management-service/internal/modules/server_management/repository/mock/server_repository.go:94.80,96.3 1 0
server-management-service/internal/modules/server_management/repository/mock/server_repository.go:96.8,98.3 1 0
server-management-service/internal/modules/server_management/repository/mock/server_repository.go:100.2,100.15 1 0
server-management-service/internal/modules/server_management/repository/mock/server_repository.go:104.93,107.19 2 0
server-management-service/internal/modules/server_management/repository/mock/server_repository.go:107.19,108.49 1 0
server-management-service/internal/modules/server_management/repository/mock/server_repository.go:111.2,113.86 3 0
server-management-service/internal/modules/server_management/repository/mock/server_repository.go:113.86,115.3 1 0
server-management-service/internal/modules/server_management/repository/mock/server_repository.go:116.2,116.77 1 0
server-management-service/internal/modules/server_management/repository/mock/server_repository.go:116.77,118.3 1 0
server-management-service/internal/modules/server_management/repository/mock/server_repository.go:118.8,119.24 1 0
server-management-service/internal/modules/server_management/repository/mock/server_repository.go:119.24,121.4 1 0
server-management-service/internal/modules/server_management/repository/mock/server_repository.go:124.2,124.68 1 0
server-management-service/internal/modules/server_management/repository/mock/server_repository.go:124.68,126.3 1 0
server-management-service/internal/modules/server_management/repository/mock/server_repository.go:126.8,128.3 1 0
server-management-service/internal/modules/server_management/repository/mock/server_repository.go:130.2,130.15 1 0
server-management-service/internal/modules/server_management/repository/mock/server_repository.go:134.97,137.19 2 0
server-management-service/internal/modules/server_management/repository/mock/server_repository.go:137.19,138.51 1 0
server-management-service/internal/modules/server_management/repository/mock/server_repository.go:141.2,143.86 3 0
server-management-service/internal/modules/server_management/repository/mock/server_repository.go:143.86,145.3 1 0
server-management-service/internal/modules/server_management/repository/mock/server_repository.go:146.2,146.77 1 0
server-management-service/internal/modules/server_management/repository/mock/server_repository.go:146.77,148.3 1 0
server-management-service/internal/modules/server_management/repository/mock/server_repository.go:148.8,149.24 1 0
server-management-service/internal/modules/server_management/repository/mock/server_repository.go:149.24,151.4 1 0
server-management-service/internal/modules/server_management/repository/mock/server_repository.go:154.2,154.68 1 0
server-management-service/internal/modules/server_management/repository/mock/server_repository.go:154.68,156.3 1 0
server-management-service/internal/modules/server_management/repository/mock/server_repository.go:156.8,158.3 1 0
server-management-service/internal/modules/server_management/repository/mock/server_repository.go:160.2,160.15 1 0
server-management-service/internal/modules/server_management/repository/mock/server_repository.go:164.97,167.19 2 0
server-management-service/internal/modules/server_management/repository/mock/server_repository.go:167.19,168.51 1 0
server-management-service/internal/modules/server_management/repository/mock/server_repository.go:171.2,173.86 3 0
server-management-service/internal/modules/server_management/repository/mock/server_repository.go:173.86,175.3 1 0
server-management-service/internal/modules/server_management/repository/mock/server_repository.go:176.2,176.77 1 0
server-management-service/internal/modules/server_management/repository/mock/server_repository.go:176.77,178.3 1 0
server-management-service/internal/modules/server_management/repository/mock/server_repository.go:178.8,179.24 1 0
server-management-service/internal/modules/server_management/repository/mock/server_repository.go:179.24,181.4 1 0
server-management-service/internal/modules/server_management/repository/mock/server_repository.go:184.2,184.68 1 0
server-management-service/internal/modules/server_management/repository/mock/server_repository.go:184.68,186.3 1 0
server-management-service/internal/modules/server_management/repository/mock/server_repository.go:186.8,188.3 1 0
server-management-service/internal/modules/server_management/repository/mock/server_repository.go:190.2,190.15 1 0
server-management-service/internal/modules/server_management/repository/mock/server_repository.go:194.126,197.19 2 0
server-management-service/internal/modules/server_management/repository/mock/server_repository.go:197.19,198.48 1 0
server-management-service/internal/modules/server_management/repository/mock/server_repository.go:201.2,204.116 4 0
server-management-service/internal/modules/server_management/repository/mock/server_repository.go:204.116,206.3 1 0
server-management-service/internal/modules/server_management/repository/mock/server_repository.go:207.2,207.100 1 0
server-management-service/internal/modules/server_management/repository/mock/server_repository.go:207.100,209.3 1 0
server-management-service/internal/modules/server_management/repository/mock/server_repository.go:209.8,210.24 1 0
server-management-service/internal/modules/server_management/repository/mock/server_repository.go:210.24,212.4 1 0
server-management-service/internal/modules/server_management/repository/mock/server_repository.go:215.2,215.89 1 0
server-management-service/internal/modules/server_management/repository/mock/server_repository.go:215.89,217.3 1 0
server-management-service/internal/modules/server_management/repository/mock/server_repository.go:217.8,219.3 1 0
server-management-service/internal/modules/server_management/repository/mock/server_repository.go:221.2,221.89 1 0
server-management-service/internal/modules/server_management/repository/mock/server_repository.go:221.89,223.3 1 0
server-management-service/internal/modules/server_management/repository/mock/server_repository.go:223.8,225.3 1 0
server-management-service/internal/modules/server_management/repository/mock/server_repository.go:227.2,227.19 1 0
server-management-service/internal/modules/server_management/repository/mock/server_repository.go:231.86,234.19 2 0
server-management-service/internal/modules/server_management/repository/mock/server_repository.go:234.19,235.48 1 0
server-management-service/internal/modules/server_management/repository/mock/server_repository.go:238.2,239.76 2 0
server-management-service/internal/modules/server_management/repository/mock/server_repository.go:239.76,241.3 1 0
server-management-service/internal/modules/server_management/repository/mock/server_repository.go:241.8,243.3 1 0
server-management-service/internal/modules/server_management/repository/mock/server_repository.go:245.2,245.11 1 0
server-management-service/internal/modules/server_management/repository/mock/server_repository.go:253.22,257.19 3 0
server-management-service/internal/modules/server_management/repository/mock/server_repository.go:257.19,257.49 1 0
server-management-service/internal/modules/server_management/repository/mock/server_repository.go:259.2,259.13 1 0
server-management-service/internal/modules/notification/infrastructure/smtp/client.go:30.40,32.2 1 0
server-management-service/internal/modules/notification/infrastructure/smtp/client.go:34.64,39.16 4 0
server-management-service/internal/modules/notification/infrastructure/smtp/client.go:39.16,41.3 1 0
server-management-service/internal/modules/notification/infrastructure/smtp/client.go:42.2,42.15 1 0
server-management-service/internal/modules/notification/infrastructure/smtp/client.go:42.15,43.38 1 0
server-management-service/internal/modules/notification/infrastructure/smtp/client.go:43.38,45.4 1 0
server-management-service/internal/modules/notification/infrastructure/smtp/client.go:48.2,49.12 2 0
server-management-service/internal/modules/notification/infrastructure/smtp/client.go:52.74,54.45 2 0
server-management-service/internal/modules/notification/infrastructure/smtp/client.go:54.45,56.3 1 0
server-management-service/internal/modules/notification/infrastructure/smtp/client.go:58.2,70.16 5 0
server-management-service/internal/modules/notification/infrastructure/smtp/client.go:70.16,72.3 1 0
server-management-service/internal/modules/notification/infrastructure/smtp/client.go:74.2,75.16 2 0
server-management-service/internal/modules/notification/infrastructure/smtp/client.go:75.16,78.3 2 0
server-management-service/internal/modules/notification/infrastructure/smtp/client.go:79.2,80.15 2 0
server-management-service/internal/modules/notification/infrastructure/smtp/client.go:80.15,81.13 1 0
server-management-service/internal/modules/notification/infrastructure/smtp/client.go:81.13,83.4 1 0
server-management-service/internal/modules/notification/infrastructure/smtp/client.go:84.3,84.40 1 0
server-management-service/internal/modules/notification/infrastructure/smtp/client.go:84.40,86.4 1 0
server-management-service/internal/modules/notification/infrastructure/smtp/client.go:89.2,89.18 1 0
server-management-service/internal/modules/notification/infrastructure/smtp/client.go:89.18,93.52 2 0
server-management-service/internal/modules/notification/infrastructure/smtp/client.go:93.52,95.4 1 0
server-management-service/internal/modules/notification/infrastructure/smtp/client.go:98.2,98.19 1 0
server-management-service/internal/modules/notification/infrastructure/smtp/client.go:98.19,100.43 2 0
server-management-service/internal/modules/notification/infrastructure/smtp/client.go:100.43,102.4 1 0
server-management-service/internal/modules/notification/infrastructure/smtp/client.go:105.2,105.48 1 0
server-management-service/internal/modules/notification/infrastructure/smtp/client.go:105.48,107.3 1 0
server-management-service/internal/modules/notification/infrastructure/smtp/client.go:109.2,109.44 1 0
server-management-service/internal/modules/notification/infrastructure/smtp/client.go:109.44,111.3 1 0
server-management-service/internal/modules/notification/infrastructure/smtp/client.go:113.2,114.16 2 0
server-management-service/internal/modules/notification/infrastructure/smtp/client.go:114.16,116.3 1 0
server-management-service/internal/modules/notification/infrastructure/smtp/client.go:118.2,118.48 1 0
server-management-service/internal/modules/notification/infrastructure/smtp/client.go:118.48,121.3 2 0
server-management-service/internal/modules/notification/infrastructure/smtp/client.go:123.2,123.34 1 0
server-management-service/internal/modules/notification/infrastructure/smtp/client.go:123.34,125.3 1 0
server-management-service/internal/modules/notification/infrastructure/smtp/client.go:127.2,127.38 1 0
server-management-service/internal/modules/notification/infrastructure/smtp/client.go:127.38,129.3 1 0
server-management-service/internal/modules/notification/infrastructure/smtp/client.go:130.2,132.12 2 0
server-management-service/internal/modules/notification/infrastructure/smtp/mime.go:9.81,38.2 22 0
server-management-service/internal/modules/notification/infrastructure/smtp/mime.go:41.40,43.2 1 0
server-management-service/internal/modules/reporting/repository/impl/reporting_repository_impl.go:16.77,20.2 1 0
server-management-service/internal/modules/reporting/repository/impl/reporting_repository_impl.go:22.109,24.2 1 0
server-management-service/internal/modules/reporting/repository/impl/reporting_repository_impl.go:26.110,28.2 1 0
server-management-service/internal/modules/reporting/repository/impl/reporting_repository_impl.go:30.109,33.18 3 0
server-management-service/internal/modules/reporting/repository/impl/reporting_repository_impl.go:33.18,35.3 1 0
server-management-service/internal/modules/reporting/repository/impl/reporting_repository_impl.go:36.2,37.19 2 0
server-management-service/internal/modules/server_management/repository/impl/server_repository_impl.go:18.71,20.2 1 0
server-management-service/internal/modules/server_management/repository/impl/server_repository_impl.go:22.68,23.49 1 0
server-management-service/internal/modules/server_management/repository/impl/server_repository_impl.go:23.49,25.3 1 0
server-management-service/internal/modules/server_management/repository/impl/server_repository_impl.go:26.2,26.30 1 0
server-management-service/internal/modules/server_management/repository/impl/server_repository_impl.go:29.89,33.2 3 0
server-management-service/internal/modules/server_management/repository/impl/server_repository_impl.go:35.96,38.16 3 0
server-management-service/internal/modules/server_management/repository/impl/server_repository_impl.go:38.16,39.45 1 0
server-management-service/internal/modules/server_management/repository/impl/server_repository_impl.go:39.45,41.4 1 0
server-management-service/internal/modules/server_management/repository/impl/server_repository_impl.go:42.3,42.18 1 0
server-management-service/internal/modules/server_management/repository/impl/server_repository_impl.go:44.2,44.21 1 0
server-management-service/internal/modules/server_management/repository/impl/server_repository_impl.go:47.100,50.16 3 0
server-management-service/internal/modules/server_management/repository/impl/server_repository_impl.go:50.16,51.45 1 0
server-management-service/internal/modules/server_management/repository/impl/server_repository_impl.go:51.45,53.4 1 0
server-management-service/internal/modules/server_management/repository/impl/server_repository_impl.go:54.3,54.18 1 0
server-management-service/internal/modules/server_management/repository/impl/server_repository_impl.go:56.2,56.21 1 0
server-management-service/internal/modules/server_management/repository/impl/server_repository_impl.go:59.100,62.16 3 0
server-management-service/internal/modules/server_management/repository/impl/server_repository_impl.go:62.16,63.45 1 0
server-management-service/internal/modules/server_management/repository/impl/server_repository_impl.go:63.45,65.4 1 0
server-management-service/internal/modules/server_management/repository/impl/server_repository_impl.go:66.3,66.18 1 0
server-management-service/internal/modules/server_management/repository/impl/server_repository_impl.go:68.2,68.21 1 0
server-management-service/internal/modules/server_management/repository/impl/server_repository_impl.go:71.130,72.40 1 0
server-management-service/internal/modules/server_management/repository/impl/server_repository_impl.go:72.40,74.3 1 0
server-management-service/internal/modules/server_management/repository/impl/server_repository_impl.go:75.2,77.16 3 0
server-management-service/internal/modules/server_management/repository/impl/server_repository_impl.go:77.16,79.3 1 0
server-management-service/internal/modules/server_management/repository/impl/server_repository_impl.go:80.2,80.21 1 0
server-management-service/internal/modules/server_management/repository/impl/server_repository_impl.go:83.89,88.25 4 0
server-management-service/internal/modules/server_management/repository/impl/server_repository_impl.go:88.25,90.3 1 0
server-management-service/internal/modules/server_management/repository/impl/server_repository_impl.go:91.2,91.30 1 0
server-management-service/internal/modules/server_management/repository/impl/server_repository_impl.go:91.30,93.3 1 0
server-management-service/internal/modules/server_management/repository/impl/server_repository_impl.go:94.2,94.12 1 0
server-management-service/internal/modules/server_management/repository/impl/server_repository_impl.go:97.77,99.25 2 0
server-management-service/internal/modules/server_management/repository/impl/server_repository_impl.go:99.25,101.3 1 0
server-management-service/internal/modules/server_management/repository/impl/server_repository_impl.go:102.2,102.30 1 0
server-management-service/internal/modules/server_management/repository/impl/server_repository_impl.go:102.30,104.3 1 0
server-management-service/internal/modules/server_management/repository/impl/server_repository_impl.go:105.2,105.12 1 0
server-management-service/internal/modules/server_management/repository/impl/server_repository_impl.go:108.97,109.23 1 0
server-management-service/internal/modules/server_management/repository/impl/server_repository_impl.go:109.23,111.3 1 0
server-management-service/internal/modules/server_management/repository/impl/server_repository_impl.go:112.2,112.44 1 0
server-management-service/internal/modules/server_management/repository/impl/server_repository_impl.go:115.129,118.25 2 0
server-management-service/internal/modules/server_management/repository/impl/server_repository_impl.go:118.25,120.3 1 0
server-management-service/internal/modules/server_management/repository/impl/server_repository_impl.go:121.2,121.23 1 0
server-management-service/internal/modules/server_management/repository/impl/server_repository_impl.go:121.23,123.3 1 0
server-management-service/internal/modules/server_management/repository/impl/server_repository_impl.go:125.2,126.50 2 0
server-management-service/internal/modules/server_management/repository/impl/server_repository_impl.go:126.50,128.3 1 0
server-management-service/internal/modules/server_management/repository/impl/server_repository_impl.go:130.2,130.25 1 0
server-management-service/internal/modules/server_management/repository/impl/server_repository_impl.go:130.25,132.54 2 0
server-management-service/internal/modules/server_management/repository/impl/server_repository_impl.go:132.54,134.4 1 0
server-management-service/internal/modules/server_management/repository/impl/server_repository_impl.go:135.3,135.55 1 0
server-management-service/internal/modules/server_management/repository/impl/server_repository_impl.go:136.8,138.3 1 0
server-management-service/internal/modules/server_management/repository/impl/server_repository_impl.go:140.2,144.51 4 0
server-management-service/internal/modules/server_management/repository/impl/server_repository_impl.go:144.51,146.3 1 0
server-management-service/internal/modules/server_management/repository/impl/server_repository_impl.go:148.2,148.28 1 0
server-management-service/internal/modules/server_management/repository/impl/tx_manager.go:15.51,17.2 1 0
server-management-service/internal/modules/server_management/repository/impl/tx_manager.go:19.95,20.67 1 0
server-management-service/internal/modules/server_management/repository/impl/tx_manager.go:20.67,23.3 2 0
